<?xml version="1.0" encoding="UTF-8"?>
<!-- Generated by org.testng.reporters.JUnitReportReporter -->
<testsuite skipped="0" hostname="DESKTOP-12HBTFV" name="com.myPractice.demo.regression.loginTests.MyTest" tests="1" failures="0" timestamp="21 Mar 2017 19:44:28 GMT" time="13.536" errors="0">
  <testcase name="testCreateAccount" time="13.536" classname="com.myPractice.demo.regression.loginTests.MyTest"/>
</testsuite> <!-- com.myPractice.demo.regression.loginTests.MyTest -->
