<?xml version="1.0" encoding="UTF-8"?>
<!-- Generated by org.testng.reporters.JUnitReportReporter -->
<testsuite skipped="1" hostname="DESKTOP-12HBTFV" name="com.myPractice.demo.regression.loginTests.LoginTests" tests="6" failures="0" timestamp="25 Mar 2017 23:01:12 GMT" time="77.691" errors="0">
  <testcase name="testRandCreateAccount" time="15.132" classname="com.myPractice.demo.regression.loginTests.LoginTests"/>
  <testcase name="testRandCreateAccount" time="16.462" classname="com.myPractice.demo.regression.loginTests.LoginTests"/>
  <testcase name="testRandCreateAccount" time="15.263" classname="com.myPractice.demo.regression.loginTests.LoginTests"/>
  <testcase name="testRandCreateAccount" time="15.539" classname="com.myPractice.demo.regression.loginTests.LoginTests"/>
  <testcase name="testRandCreateAccount" time="15.295" classname="com.myPractice.demo.regression.loginTests.LoginTests"/>
  <testcase name="testCreateAccount" classname="com.myPractice.demo.regression.loginTests.LoginTests">
    <skipped/>
  </testcase> <!-- testCreateAccount -->
</testsuite> <!-- com.myPractice.demo.regression.loginTests.LoginTests -->
