<?xml version="1.0" encoding="UTF-8"?>
<!-- Generated by org.testng.reporters.JUnitReportReporter -->
<testsuite skipped="1" hostname="DESKTOP-12HBTFV" name="com.myPractice.demo.regression.createAccountTests.CreateAccountTests" tests="4" failures="0" timestamp="11 Oct 2017 19:47:22 GMT" time="19.358" errors="0">
  <testcase name="testValidUserNamePasswd" time="6.806" classname="com.myPractice.demo.regression.createAccountTests.CreateAccountTests"/>
  <testcase name="testValidUserNamePasswd" time="6.193" classname="com.myPractice.demo.regression.createAccountTests.CreateAccountTests"/>
  <testcase name="testValidUserNamePasswd" time="6.359" classname="com.myPractice.demo.regression.createAccountTests.CreateAccountTests"/>
  <testcase name="testCreateAccount" classname="com.myPractice.demo.regression.createAccountTests.CreateAccountTests">
    <skipped/>
  </testcase> <!-- testCreateAccount -->
</testsuite> <!-- com.myPractice.demo.regression.createAccountTests.CreateAccountTests -->
