<?xml version="1.0" encoding="UTF-8"?>
<!-- Generated by org.testng.reporters.JUnitReportReporter -->
<testsuite skipped="0" hostname="DESKTOP-12HBTFV" name="com.myPractice.demo.regression.MyTest" tests="1" failures="0" timestamp="16 Mar 2017 17:15:19 GMT" time="6.283" errors="0">
  <testcase name="testAccessForgotPasswordPg" time="6.283" classname="com.myPractice.demo.regression.MyTest"/>
</testsuite> <!-- com.myPractice.demo.regression.MyTest -->
