<?xml version="1.0" encoding="UTF-8"?>
<!-- Generated by org.testng.reporters.JUnitReportReporter -->
<testsuite skipped="0" hostname="DESKTOP-12HBTFV" name="com.tanmaysarkar.demo.regression.MyTest" tests="5" failures="0" timestamp="14 Mar 2017 19:16:57 GMT" time="2.576" errors="0">
  <testcase name="testInvalidUsrNmPassWd" time="0.650" classname="com.tanmaysarkar.demo.regression.MyTest"/>
  <testcase name="testBlankUserName" time="0.576" classname="com.tanmaysarkar.demo.regression.MyTest"/>
  <testcase name="testBlankPassword" time="0.032" classname="com.tanmaysarkar.demo.regression.MyTest"/>
  <testcase name="testInvalidPassword" time="0.604" classname="com.tanmaysarkar.demo.regression.MyTest"/>
  <testcase name="test01" time="0.714" classname="com.tanmaysarkar.demo.regression.MyTest"/>
</testsuite> <!-- com.tanmaysarkar.demo.regression.MyTest -->
