<?xml version="1.0" encoding="UTF-8"?>
<!-- Generated by org.testng.reporters.JUnitReportReporter -->
<testsuite skipped="1" hostname="DESKTOP-12HBTFV" name="com.myPractice.demo.regression.createAccountTests.CreateAccountTests" tests="2" failures="0" timestamp="26 Mar 2017 22:11:50 GMT" time="11.962" errors="0">
  <testcase name="testCreateRndmAccount" time="11.962" classname="com.myPractice.demo.regression.createAccountTests.CreateAccountTests"/>
  <testcase name="testCreateAccount" classname="com.myPractice.demo.regression.createAccountTests.CreateAccountTests">
    <skipped/>
  </testcase> <!-- testCreateAccount -->
</testsuite> <!-- com.myPractice.demo.regression.createAccountTests.CreateAccountTests -->
