<?xml version="1.0" encoding="UTF-8"?>
<!-- Generated by org.testng.reporters.JUnitReportReporter -->
<testsuite skipped="0" hostname="DESKTOP-12HBTFV" name="com.myPractice.demo.regression.MyTest" tests="9" failures="0" timestamp="18 Mar 2017 22:37:56 GMT" time="67.162" errors="0">
  <testcase name="testBlankPassword" time="5.648" classname="com.myPractice.demo.regression.MyTest"/>
  <testcase name="test01" time="7.631" classname="com.myPractice.demo.regression.MyTest"/>
  <testcase name="testInvalidUsrNmPassWd" time="6.780" classname="com.myPractice.demo.regression.MyTest"/>
  <testcase name="testAccessForgotPasswordPg" time="6.665" classname="com.myPractice.demo.regression.MyTest"/>
  <testcase name="testParamInvalidUsrNmPassWd" time="6.682" classname="com.myPractice.demo.regression.MyTest"/>
  <testcase name="testInvalidPassword" time="8.107" classname="com.myPractice.demo.regression.MyTest"/>
  <testcase name="testAccessAboutPg" time="8.609" classname="com.myPractice.demo.regression.MyTest"/>
  <testcase name="testAccessCreateAccountPg" time="10.359" classname="com.myPractice.demo.regression.MyTest"/>
  <testcase name="testBlankUserName" time="6.681" classname="com.myPractice.demo.regression.MyTest"/>
</testsuite> <!-- com.myPractice.demo.regression.MyTest -->
