<?xml version="1.0" encoding="UTF-8"?>
<!-- Generated by org.testng.reporters.JUnitReportReporter -->
<testsuite skipped="1" hostname="DESKTOP-12HBTFV" name="com.myPractice.demo.regression.loginTests.LoginTests" tests="4" failures="0" timestamp="11 Oct 2017 19:53:28 GMT" time="19.708" errors="0">
  <testcase name="testDataProviderInvalidUsrNmPassWd" time="6.388" classname="com.myPractice.demo.regression.loginTests.LoginTests"/>
  <testcase name="testDataProviderInvalidUsrNmPassWd" time="6.962" classname="com.myPractice.demo.regression.loginTests.LoginTests"/>
  <testcase name="testDataProviderInvalidUsrNmPassWd" time="6.358" classname="com.myPractice.demo.regression.loginTests.LoginTests"/>
  <testcase name="testCreateAccount" classname="com.myPractice.demo.regression.loginTests.LoginTests">
    <skipped/>
  </testcase> <!-- testCreateAccount -->
</testsuite> <!-- com.myPractice.demo.regression.loginTests.LoginTests -->
