<?xml version="1.0" encoding="UTF-8"?>
<!-- Generated by org.testng.reporters.JUnitReportReporter -->
<testsuite skipped="1" hostname="DESKTOP-12HBTFV" name="com.myPractice.demo.regression.createAccountTests.CreateAccountTests" tests="2" failures="0" timestamp="26 Mar 2017 23:52:10 GMT" time="8.332" errors="0">
  <testcase name="testNoLastNameCA" time="8.332" classname="com.myPractice.demo.regression.createAccountTests.CreateAccountTests"/>
  <testcase name="testCreateAccount" classname="com.myPractice.demo.regression.createAccountTests.CreateAccountTests">
    <skipped/>
  </testcase> <!-- testCreateAccount -->
</testsuite> <!-- com.myPractice.demo.regression.createAccountTests.CreateAccountTests -->
