<?xml version="1.0" encoding="UTF-8"?>
<!-- Generated by org.testng.reporters.JUnitReportReporter -->
<testsuite skipped="1" hostname="DESKTOP-12HBTFV" name="com.myPractice.demo.regression.loginTests.LoginTests" tests="2" failures="0" timestamp="26 Mar 2017 21:13:02 GMT" time="10.660" errors="0">
  <testcase name="testXMLValidUserNamePasswd" time="10.660" classname="com.myPractice.demo.regression.loginTests.LoginTests"/>
  <testcase name="testCreateAccount" classname="com.myPractice.demo.regression.loginTests.LoginTests">
    <skipped/>
  </testcase> <!-- testCreateAccount -->
</testsuite> <!-- com.myPractice.demo.regression.loginTests.LoginTests -->
