<?xml version="1.0" encoding="UTF-8"?>
<!-- Generated by org.testng.reporters.JUnitReportReporter -->
<testsuite skipped="0" hostname="DESKTOP-12HBTFV" name="com.myPractice.demo.regression.loginTests.MyTest" tests="3" failures="0" timestamp="18 Mar 2017 23:10:11 GMT" time="19.049" errors="0">
  <testcase name="testDataProviderInvalidUsrNmPassWd" time="5.762" classname="com.myPractice.demo.regression.loginTests.MyTest"/>
  <testcase name="testDataProviderInvalidUsrNmPassWd" time="5.764" classname="com.myPractice.demo.regression.loginTests.MyTest"/>
  <testcase name="testDataProviderInvalidUsrNmPassWd" time="7.523" classname="com.myPractice.demo.regression.loginTests.MyTest"/>
</testsuite> <!-- com.myPractice.demo.regression.loginTests.MyTest -->
