<?xml version="1.0" encoding="UTF-8"?>
<!-- Generated by org.testng.reporters.JUnitReportReporter -->
<testsuite skipped="0" hostname="DESKTOP-12HBTFV" name="com.myPractice.demo.regression.loginTests.MyTest" tests="10" failures="0" timestamp="22 Mar 2017 04:33:42 GMT" time="171.854" errors="0">
  <testcase name="testCreateAccount" time="16.932" classname="com.myPractice.demo.regression.loginTests.MyTest"/>
  <testcase name="testCreateAccount" time="17.954" classname="com.myPractice.demo.regression.loginTests.MyTest"/>
  <testcase name="testCreateAccount" time="16.557" classname="com.myPractice.demo.regression.loginTests.MyTest"/>
  <testcase name="testCreateAccount" time="17.927" classname="com.myPractice.demo.regression.loginTests.MyTest"/>
  <testcase name="testCreateAccount" time="17.394" classname="com.myPractice.demo.regression.loginTests.MyTest"/>
  <testcase name="testCreateAccount" time="16.072" classname="com.myPractice.demo.regression.loginTests.MyTest"/>
  <testcase name="testCreateAccount" time="16.281" classname="com.myPractice.demo.regression.loginTests.MyTest"/>
  <testcase name="testCreateAccount" time="16.704" classname="com.myPractice.demo.regression.loginTests.MyTest"/>
  <testcase name="testCreateAccount" time="18.018" classname="com.myPractice.demo.regression.loginTests.MyTest"/>
  <testcase name="testCreateAccount" time="18.015" classname="com.myPractice.demo.regression.loginTests.MyTest"/>
</testsuite> <!-- com.myPractice.demo.regression.loginTests.MyTest -->
