<?xml version="1.0" encoding="UTF-8"?>
<!-- Generated by org.testng.reporters.JUnitReportReporter -->
<testsuite skipped="0" hostname="DESKTOP-12HBTFV" name="com.tanmaysarkar.demo.regression.MyTest" tests="5" failures="0" timestamp="14 Mar 2017 21:08:14 GMT" time="37.950" errors="0">
  <testcase name="testInvalidUsrNmPassWd" time="6.485" classname="com.tanmaysarkar.demo.regression.MyTest"/>
  <testcase name="testBlankPassword" time="6.898" classname="com.tanmaysarkar.demo.regression.MyTest"/>
  <testcase name="test01" time="7.499" classname="com.tanmaysarkar.demo.regression.MyTest"/>
  <testcase name="testInvalidPassword" time="7.527" classname="com.tanmaysarkar.demo.regression.MyTest"/>
  <testcase name="testBlankUserName" time="9.541" classname="com.tanmaysarkar.demo.regression.MyTest"/>
</testsuite> <!-- com.tanmaysarkar.demo.regression.MyTest -->
