<?xml version="1.0" encoding="UTF-8"?>
<!-- Generated by org.testng.reporters.JUnitReportReporter -->
<testsuite skipped="0" hostname="DESKTOP-12HBTFV" name="com.myPractice.demo.regression.MyTest" tests="5" failures="0" timestamp="14 Mar 2017 21:19:04 GMT" time="30.326" errors="0">
  <testcase name="testBlankPassword" time="6.527" classname="com.myPractice.demo.regression.MyTest"/>
  <testcase name="testInvalidUsrNmPassWd" time="6.073" classname="com.myPractice.demo.regression.MyTest"/>
  <testcase name="testInvalidPassword" time="6.003" classname="com.myPractice.demo.regression.MyTest"/>
  <testcase name="testBlankUserName" time="5.828" classname="com.myPractice.demo.regression.MyTest"/>
  <testcase name="test01" time="5.895" classname="com.myPractice.demo.regression.MyTest"/>
</testsuite> <!-- com.myPractice.demo.regression.MyTest -->
