<?xml version="1.0" encoding="UTF-8"?>
<!-- Generated by org.testng.reporters.JUnitReportReporter -->
<testsuite skipped="0" hostname="DESKTOP-12HBTFV" name="com.myPractice.demo.regression.MyTest" tests="8" failures="0" timestamp="16 Mar 2017 18:31:27 GMT" time="81.067" errors="0">
  <testcase name="testAccessAboutPg" time="11.386" classname="com.myPractice.demo.regression.MyTest"/>
  <testcase name="testBlankPassword" time="8.242" classname="com.myPractice.demo.regression.MyTest"/>
  <testcase name="testAccessForgotPasswordPg" time="9.509" classname="com.myPractice.demo.regression.MyTest"/>
  <testcase name="testInvalidPassword" time="6.705" classname="com.myPractice.demo.regression.MyTest"/>
  <testcase name="testInvalidUsrNmPassWd" time="7.579" classname="com.myPractice.demo.regression.MyTest"/>
  <testcase name="testBlankUserName" time="6.559" classname="com.myPractice.demo.regression.MyTest"/>
  <testcase name="test01" time="18.273" classname="com.myPractice.demo.regression.MyTest"/>
  <testcase name="testAccessCreateAccountPg" time="12.814" classname="com.myPractice.demo.regression.MyTest"/>
</testsuite> <!-- com.myPractice.demo.regression.MyTest -->
