<?xml version="1.0" encoding="UTF-8"?>
<!-- Generated by org.testng.reporters.JUnitReportReporter -->
<testsuite skipped="0" hostname="DESKTOP-12HBTFV" name="com.myPractice.demo.regression.MyTest" tests="8" failures="0" timestamp="16 Mar 2017 17:49:29 GMT" time="50.460" errors="0">
  <testcase name="testAccessAboutPg" time="8.540" classname="com.myPractice.demo.regression.MyTest"/>
  <testcase name="testBlankPassword" time="5.245" classname="com.myPractice.demo.regression.MyTest"/>
  <testcase name="testAccessForgotPasswordPg" time="5.779" classname="com.myPractice.demo.regression.MyTest"/>
  <testcase name="testInvalidPassword" time="5.989" classname="com.myPractice.demo.regression.MyTest"/>
  <testcase name="testInvalidUsrNmPassWd" time="6.285" classname="com.myPractice.demo.regression.MyTest"/>
  <testcase name="testBlankUserName" time="5.936" classname="com.myPractice.demo.regression.MyTest"/>
  <testcase name="test01" time="6.046" classname="com.myPractice.demo.regression.MyTest"/>
  <testcase name="testAccessCreateAccountPg" time="6.640" classname="com.myPractice.demo.regression.MyTest"/>
</testsuite> <!-- com.myPractice.demo.regression.MyTest -->
