<?xml version="1.0" encoding="UTF-8"?>
<!-- Generated by org.testng.reporters.JUnitReportReporter -->
<testsuite skipped="0" hostname="DESKTOP-12HBTFV" name="com.myPractice.demo.regression.MyTest" tests="8" failures="0" timestamp="18 Mar 2017 18:36:19 GMT" time="62.029" errors="0">
  <testcase name="testAccessCreateAccountPg" time="10.116" classname="com.myPractice.demo.regression.MyTest"/>
  <testcase name="testAccessAboutPg" time="8.593" classname="com.myPractice.demo.regression.MyTest"/>
  <testcase name="testBlankUserName" time="10.389" classname="com.myPractice.demo.regression.MyTest"/>
  <testcase name="testBlankPassword" time="5.794" classname="com.myPractice.demo.regression.MyTest"/>
  <testcase name="testInvalidPassword" time="7.345" classname="com.myPractice.demo.regression.MyTest"/>
  <testcase name="test01" time="7.365" classname="com.myPractice.demo.regression.MyTest"/>
  <testcase name="testAccessForgotPasswordPg" time="6.522" classname="com.myPractice.demo.regression.MyTest"/>
  <testcase name="testInvalidUsrNmPassWd" time="5.905" classname="com.myPractice.demo.regression.MyTest"/>
</testsuite> <!-- com.myPractice.demo.regression.MyTest -->
